{"contracts/UniqueAsset.sol":{"l":{"14":1,"15":1,"16":1,"17":1,"18":1,"20":1},"path":"/home/oncemore/Blockchain Work/MuCitadel/ipfs_nft/contracts/UniqueAsset.sol","s":{"1":1,"2":1,"3":1,"4":1,"5":1,"6":1},"b":{"1":[1,0]},"f":{"1":3,"2":1},"fnMap":{"1":{"name":"constructor","line":12,"loc":{"start":{"line":12,"column":4},"end":{"line":12,"column":55}}},"2":{"name":"awardItem","line":13,"loc":{"start":{"line":13,"column":4},"end":{"line":21,"column":4}}}},"statementMap":{"1":{"start":{"line":14,"column":8},"end":{"line":14,"column":33}},"2":{"start":{"line":15,"column":8},"end":{"line":15,"column":23}},"3":{"start":{"line":16,"column":8},"end":{"line":16,"column":28}},"4":{"start":{"line":17,"column":8},"end":{"line":17,"column":47}},"5":{"start":{"line":18,"column":8},"end":{"line":18,"column":34}},"6":{"start":{"line":20,"column":8},"end":{"line":20,"column":24}}},"branchMap":{"1":{"line":14,"type":"if","locations":[{"start":{"line":14,"column":8},"end":{"line":14,"column":8}},{"start":{"line":14,"column":8},"end":{"line":14,"column":8}}]}}}}